# JRE version: Java(TM) SE Runtime Environment (8.0_181-b13) (build 1.8.0_181-b13)
# Java VM: Java HotSpot(TM) 64-Bit Server VM (25.181-b13 mixed mode linux-amd64 compressed oops)
Heap:
 PSYoungGen      total 271872K, used 5408K [0x00000000ec100000, 0x00000000ff800000, 0x0000000100000000)
  eden space 227328K, 0% used [0x00000000ec100000,0x00000000ec100000,0x00000000f9f00000)
  from space 44544K, 12% used [0x00000000fcc80000,0x00000000fd1c8010,0x00000000ff800000)
  to   space 10752K, 0% used [0x00000000f9f00000,0x00000000f9f00000,0x00000000fa980000)
 ParOldGen       total 140800K, used 130520K [0x00000000c4200000, 0x00000000ccb80000, 0x00000000ec100000)
  object space 140800K, 92% used [0x00000000c4200000,0x00000000cc176300,0x00000000ccb80000)
 Metaspace       used 18178K, capacity 19168K, committed 19328K, reserved 1067008K
  class space    used 2385K, capacity 2567K, committed 2688K, reserved 1048576K
GC Heap History (10 events):
Event: 11.021 GC heap after
Heap after GC invocations=19 (full 2):
 PSYoungGen      total 274432K, used 128K [0x00000000ec100000, 0x0000000100000000, 0x0000000100000000)
  eden space 223744K, 0% used [0x00000000ec100000,0x00000000ec100000,0x00000000f9b80000)
  from space 50688K, 0% used [0x00000000f9b80000,0x00000000f9ba0000,0x00000000fcd00000)
  to   space 51200K, 0% used [0x00000000fce00000,0x00000000fce00000,0x0000000100000000)
 ParOldGen       total 140800K, used 114980K [0x00000000c4200000, 0x00000000ccb80000, 0x00000000ec100000)
  object space 140800K, 81% used [0x00000000c4200000,0x00000000cb249260,0x00000000ccb80000)
 Metaspace       used 18178K, capacity 19168K, committed 19328K, reserved 1067008K
  class space    used 2385K, capacity 2567K, committed 2688K, reserved 1048576K
}
Event: 13.038 GC heap before
{Heap before GC invocations=20 (full 2):
 PSYoungGen      total 274432K, used 223872K [0x00000000ec100000, 0x0000000100000000, 0x0000000100000000)
  eden space 223744K, 100% used [0x00000000ec100000,0x00000000f9b80000,0x00000000f9b80000)
  from space 50688K, 0% used [0x00000000f9b80000,0x00000000f9ba0000,0x00000000fcd00000)
  to   space 51200K, 0% used [0x00000000fce00000,0x00000000fce00000,0x0000000100000000)
 ParOldGen       total 140800K, used 114980K [0x00000000c4200000, 0x00000000ccb80000, 0x00000000ec100000)
  object space 140800K, 81% used [0x00000000c4200000,0x00000000cb249260,0x00000000ccb80000)
 Metaspace       used 18178K, capacity 19168K, committed 19328K, reserved 1067008K
  class space    used 2385K, capacity 2567K, committed 2688K, reserved 1048576K
Event: 14.393 GC heap after
Heap after GC invocations=20 (full 2):
 PSYoungGen      total 275456K, used 64K [0x00000000ec100000, 0x00000000fff80000, 0x0000000100000000)
  eden space 224768K, 0% used [0x00000000ec100000,0x00000000ec100000,0x00000000f9c80000)
  from space 50688K, 0% used [0x00000000fce00000,0x00000000fce10000,0x00000000fff80000)
  to   space 50688K, 0% used [0x00000000f9c80000,0x00000000f9c80000,0x00000000fce00000)
 ParOldGen       total 140800K, used 114980K [0x00000000c4200000, 0x00000000ccb80000, 0x00000000ec100000)
  object space 140800K, 81% used [0x00000000c4200000,0x00000000cb249260,0x00000000ccb80000)
 Metaspace       used 18178K, capacity 19168K, committed 19328K, reserved 1067008K
  class space    used 2385K, capacity 2567K, committed 2688K, reserved 1048576K
}
Event: 18.664 GC heap before
{Heap before GC invocations=21 (full 2):
 PSYoungGen      total 275456K, used 224832K [0x00000000ec100000, 0x00000000fff80000, 0x0000000100000000)
  eden space 224768K, 100% used [0x00000000ec100000,0x00000000f9c80000,0x00000000f9c80000)
  from space 50688K, 0% used [0x00000000fce00000,0x00000000fce10000,0x00000000fff80000)
  to   space 50688K, 0% used [0x00000000f9c80000,0x00000000f9c80000,0x00000000fce00000)
 ParOldGen       total 140800K, used 114980K [0x00000000c4200000, 0x00000000ccb80000, 0x00000000ec100000)
  object space 140800K, 81% used [0x00000000c4200000,0x00000000cb249260,0x00000000ccb80000)
 Metaspace       used 18178K, capacity 19168K, committed 19328K, reserved 1067008K
  class space    used 2385K, capacity 2567K, committed 2688K, reserved 1048576K
Event: 20.623 GC heap after
Heap after GC invocations=21 (full 2):
 PSYoungGen      total 225280K, used 64K [0x00000000ec100000, 0x00000000ffe00000, 0x0000000100000000)
  eden space 224768K, 0% used [0x00000000ec100000,0x00000000ec100000,0x00000000f9c80000)
  from space 512K, 12% used [0x00000000f9c80000,0x00000000f9c90000,0x00000000f9d00000)
  to   space 49664K, 0% used [0x00000000fcd80000,0x00000000fcd80000,0x00000000ffe00000)
 ParOldGen       total 140800K, used 115004K [0x00000000c4200000, 0x00000000ccb80000, 0x00000000ec100000)
  object space 140800K, 81% used [0x00000000c4200000,0x00000000cb24f260,0x00000000ccb80000)
 Metaspace       used 18178K, capacity 19168K, committed 19328K, reserved 1067008K
  class space    used 2385K, capacity 2567K, committed 2688K, reserved 1048576K
}
Event: 20.931 GC heap before
{Heap before GC invocations=22 (full 2):
 PSYoungGen      total 225280K, used 224832K [0x00000000ec100000, 0x00000000ffe00000, 0x0000000100000000)
  eden space 224768K, 100% used [0x00000000ec100000,0x00000000f9c80000,0x00000000f9c80000)
  from space 512K, 12% used [0x00000000f9c80000,0x00000000f9c90000,0x00000000f9d00000)
  to   space 49664K, 0% used [0x00000000fcd80000,0x00000000fcd80000,0x00000000ffe00000)
 ParOldGen       total 140800K, used 115004K [0x00000000c4200000, 0x00000000ccb80000, 0x00000000ec100000)
  object space 140800K, 81% used [0x00000000c4200000,0x00000000cb24f260,0x00000000ccb80000)
 Metaspace       used 18178K, capacity 19168K, committed 19328K, reserved 1067008K
  class space    used 2385K, capacity 2567K, committed 2688K, reserved 1048576K
Event: 21.185 GC heap after
Heap after GC invocations=22 (full 2):
 PSYoungGen      total 276992K, used 4864K [0x00000000ec100000, 0x0000000100000000, 0x0000000100000000)
  eden space 227328K, 0% used [0x00000000ec100000,0x00000000ec100000,0x00000000f9f00000)
  from space 49664K, 9% used [0x00000000fcd80000,0x00000000fd240030,0x00000000ffe00000)
  to   space 47616K, 0% used [0x00000000f9f00000,0x00000000f9f00000,0x00000000fcd80000)
 ParOldGen       total 140800K, used 115004K [0x00000000c4200000, 0x00000000ccb80000, 0x00000000ec100000)
  object space 140800K, 81% used [0x00000000c4200000,0x00000000cb24f260,0x00000000ccb80000)
 Metaspace       used 18178K, capacity 19168K, committed 19328K, reserved 1067008K
  class space    used 2385K, capacity 2567K, committed 2688K, reserved 1048576K
}
Event: 21.727 GC heap before
{Heap before GC invocations=23 (full 2):
 PSYoungGen      total 276992K, used 232192K [0x00000000ec100000, 0x0000000100000000, 0x0000000100000000)
  eden space 227328K, 100% used [0x00000000ec100000,0x00000000f9f00000,0x00000000f9f00000)
  from space 49664K, 9% used [0x00000000fcd80000,0x00000000fd240030,0x00000000ffe00000)
  to   space 47616K, 0% used [0x00000000f9f00000,0x00000000f9f00000,0x00000000fcd80000)
 ParOldGen       total 140800K, used 115004K [0x00000000c4200000, 0x00000000ccb80000, 0x00000000ec100000)
  object space 140800K, 81% used [0x00000000c4200000,0x00000000cb24f260,0x00000000ccb80000)
 Metaspace       used 18178K, capacity 19168K, committed 19328K, reserved 1067008K
  class space    used 2385K, capacity 2567K, committed 2688K, reserved 1048576K
Event: 22.437 GC heap after
Heap after GC invocations=23 (full 2):
 PSYoungGen      total 238080K, used 10736K [0x00000000ec100000, 0x00000000ff800000, 0x0000000100000000)
  eden space 227328K, 0% used [0x00000000ec100000,0x00000000ec100000,0x00000000f9f00000)
  from space 10752K, 99% used [0x00000000f9f00000,0x00000000fa97c030,0x00000000fa980000)
  to   space 44544K, 0% used [0x00000000fcc80000,0x00000000fcc80000,0x00000000ff800000)
 ParOldGen       total 140800K, used 119772K [0x00000000c4200000, 0x00000000ccb80000, 0x00000000ec100000)
  object space 140800K, 85% used [0x00000000c4200000,0x00000000cb6f7270,0x00000000ccb80000)
 Metaspace       used 18178K, capacity 19168K, committed 19328K, reserved 1067008K
  class space    used 2385K, capacity 2567K, committed 2688K, reserved 1048576K
}
Event: 27.882 GC heap before
{Heap before GC invocations=24 (full 2):
 PSYoungGen      total 238080K, used 238064K [0x00000000ec100000, 0x00000000ff800000, 0x0000000100000000)
  eden space 227328K, 100% used [0x00000000ec100000,0x00000000f9f00000,0x00000000f9f00000)
  from space 10752K, 99% used [0x00000000f9f00000,0x00000000fa97c030,0x00000000fa980000)
  to   space 44544K, 0% used [0x00000000fcc80000,0x00000000fcc80000,0x00000000ff800000)
 ParOldGen       total 140800K, used 119772K [0x00000000c4200000, 0x00000000ccb80000, 0x00000000ec100000)
  object space 140800K, 85% used [0x00000000c4200000,0x00000000cb6f7270,0x00000000ccb80000)
 Metaspace       used 18178K, capacity 19168K, committed 19328K, reserved 1067008K
  class space    used 2385K, capacity 2567K, committed 2688K, reserved 1048576K

